[debug] [2025-03-12T13:13:57.071Z] ----------------------------------------------------------------------
[debug] [2025-03-12T13:13:57.080Z] Command:       C:\Program Files\nodejs\node.exe C:\Users\cle\AppData\Roaming\npm\node_modules\firebase-tools\lib\bin\firebase.js init hosting
[debug] [2025-03-12T13:13:57.081Z] CLI Version:   13.34.0
[debug] [2025-03-12T13:13:57.081Z] Platform:      win32
[debug] [2025-03-12T13:13:57.081Z] Node Version:  v22.3.0
[debug] [2025-03-12T13:13:57.082Z] Time:          Wed Mar 12 2025 13:13:57 GMT+0000 (UTC)
[debug] [2025-03-12T13:13:57.082Z] ----------------------------------------------------------------------
[debug] 
[debug] [2025-03-12T13:13:57.668Z] > command requires scopes: ["email","openid","https://www.googleapis.com/auth/cloudplatformprojects.readonly","https://www.googleapis.com/auth/firebase","https://www.googleapis.com/auth/cloud-platform"]
[debug] [2025-03-12T13:13:57.669Z] > authorizing via signed-in user (stirnermax45@gmail.com)
[info] 
     ######## #### ########  ######## ########     ###     ######  ########
     ##        ##  ##     ## ##       ##     ##  ##   ##  ##       ##
     ######    ##  ########  ######   ########  #########  ######  ######
     ##        ##  ##    ##  ##       ##     ## ##     ##       ## ##
     ##       #### ##     ## ######## ########  ##     ##  ######  ########

You're about to initialize a Firebase project in this directory:

  C:\Eren\React\series-api

Before we get started, keep in mind:

  * You are currently outside your home directory
  * You are initializing within an existing Firebase project directory

[info] 
=== Project Setup
[info] 
[info] First, let's associate this project directory with a Firebase project.
[info] You can create multiple project aliases by running firebase use --add, 
[info] but for now we'll just set up a default project.
[info] 
[debug] [2025-03-12T13:14:03.298Z] Using project from CLI flag: series-api-c0930
[debug] [2025-03-12T13:14:03.300Z] Checked if tokens are valid: true, expires at: 1741786962049
[debug] [2025-03-12T13:14:03.300Z] Checked if tokens are valid: true, expires at: 1741786962049
[debug] [2025-03-12T13:14:03.304Z] >>> [apiv2][query] GET https://firebase.googleapis.com/v1beta1/projects/series-api-c0930 [none]
[debug] [2025-03-12T13:14:03.985Z] <<< [apiv2][status] GET https://firebase.googleapis.com/v1beta1/projects/series-api-c0930 200
[debug] [2025-03-12T13:14:03.985Z] <<< [apiv2][body] GET https://firebase.googleapis.com/v1beta1/projects/series-api-c0930 {"projectId":"series-api-c0930","projectNumber":"465828987055","displayName":"series-api","name":"projects/series-api-c0930","resources":{"hostingSite":"series-api-c0930"},"state":"ACTIVE","etag":"1_21636bae-b4ec-4717-9f4e-897920b89c9e"}
[info] i  Using project series-api-c0930 (series-api) 
[info] 
=== Hosting Setup
[debug] [2025-03-12T13:14:03.998Z] Checked if tokens are valid: true, expires at: 1741786962049
[debug] [2025-03-12T13:14:03.998Z] Checked if tokens are valid: true, expires at: 1741786962049
[debug] [2025-03-12T13:14:03.999Z] >>> [apiv2][query] GET https://firebase.googleapis.com/v1beta1/projects/series-api-c0930 [none]
[debug] [2025-03-12T13:14:04.278Z] <<< [apiv2][status] GET https://firebase.googleapis.com/v1beta1/projects/series-api-c0930 200
[debug] [2025-03-12T13:14:04.278Z] <<< [apiv2][body] GET https://firebase.googleapis.com/v1beta1/projects/series-api-c0930 {"projectId":"series-api-c0930","projectNumber":"465828987055","displayName":"series-api","name":"projects/series-api-c0930","resources":{"hostingSite":"series-api-c0930"},"state":"ACTIVE","etag":"1_21636bae-b4ec-4717-9f4e-897920b89c9e"}
[info] 
[info] Your public directory is the folder (relative to your project directory) that
[info] will contain Hosting assets to be uploaded with firebase deploy. If you
[info] have a build process for your assets, use your build's output directory.
[info] 
